<?xml version="1.0" encoding="UTF-8"?>
<!-- Generated by org.testng.reporters.JUnitXMLReporter -->
<testsuite ignored="0" hostname="DESKTOP-DJ4IH5F" failures="0" tests="4" name="Default test" time="32.815" errors="0" timestamp="2024-08-31T21:54:29 IST">
  <testcase classname="selenium_webautomation_Learn.ORM_Testing.ORMAPP_Testing" name="appLaunch" time="28.329"/>
  <testcase classname="selenium_webautomation_Learn.ORM_Testing.ORMAPP_Testing" name="testLogo" time="2.696"/>
  <testcase classname="selenium_webautomation_Learn.ORM_Testing.ORMAPP_Testing" name="loginApp" time="0.576"/>
  <testcase classname="selenium_webautomation_Learn.ORM_Testing.ORMAPP_Testing" name="logOut" time="1.101"/>
</testsuite> <!-- Default test -->
