<?xml version="1.0" encoding="UTF-8"?>
<!-- Generated by org.testng.reporters.JUnitXMLReporter -->
<testsuite ignored="0" hostname="DESKTOP-DJ4IH5F" failures="0" tests="2" name="Default test" time="0.093" errors="0" timestamp="2024-09-01T16:27:22 IST">
  <testcase classname="selenium_webautomation_Learn.ORM_Testing.Demo2_Annotations" name="advsearch" time="0.008"/>
  <testcase classname="selenium_webautomation_Learn.ORM_Testing.Demo2_Annotations" name="search" time="0.001"/>
</testsuite> <!-- Default test -->
