<?xml version="1.0" encoding="UTF-8"?>
<testng-results ignored="0" total="2" passed="2" failed="0" skipped="0">
  <reporter-output>
  </reporter-output>
  <suite started-at="2024-09-01T16:27:22 IST" name="Default suite" finished-at="2024-09-01T16:27:22 IST" duration-ms="93">
    <groups>
    </groups>
    <test started-at="2024-09-01T16:27:22 IST" name="Default test" finished-at="2024-09-01T16:27:22 IST" duration-ms="93">
      <class name="selenium_webautomation_Learn.ORM_Testing.Demo2_Annotations">
        <test-method is-config="true" signature="login()[pri:0, instance:selenium_webautomation_Learn.ORM_Testing.Demo2_Annotations@342c38f8]" started-at="2024-09-01T16:27:22 IST" name="login" finished-at="2024-09-01T16:27:22 IST" duration-ms="11" status="PASS">
          <reporter-output>
          </reporter-output>
        </test-method> <!-- login -->
        <test-method signature="advsearch()[pri:0, instance:selenium_webautomation_Learn.ORM_Testing.Demo2_Annotations@342c38f8]" started-at="2024-09-01T16:27:22 IST" name="advsearch" finished-at="2024-09-01T16:27:22 IST" duration-ms="8" status="PASS">
          <reporter-output>
          </reporter-output>
        </test-method> <!-- advsearch -->
        <test-method signature="search()[pri:0, instance:selenium_webautomation_Learn.ORM_Testing.Demo2_Annotations@342c38f8]" started-at="2024-09-01T16:27:22 IST" name="search" finished-at="2024-09-01T16:27:22 IST" duration-ms="1" status="PASS">
          <reporter-output>
          </reporter-output>
        </test-method> <!-- search -->
        <test-method is-config="true" signature="logout()[pri:0, instance:selenium_webautomation_Learn.ORM_Testing.Demo2_Annotations@342c38f8]" started-at="2024-09-01T16:27:22 IST" name="logout" finished-at="2024-09-01T16:27:22 IST" duration-ms="2" status="PASS">
          <reporter-output>
          </reporter-output>
        </test-method> <!-- logout -->
      </class> <!-- selenium_webautomation_Learn.ORM_Testing.Demo2_Annotations -->
    </test> <!-- Default test -->
  </suite> <!-- Default suite -->
</testng-results>
