<?xml version="1.0" encoding="UTF-8"?>
<testng-results ignored="0" total="4" passed="4" failed="0" skipped="0">
  <reporter-output>
  </reporter-output>
  <suite started-at="2024-08-31T21:53:56 IST" name="Default suite" finished-at="2024-08-31T21:54:28 IST" duration-ms="32815">
    <groups>
    </groups>
    <test started-at="2024-08-31T21:53:56 IST" name="Default test" finished-at="2024-08-31T21:54:28 IST" duration-ms="32815">
      <class name="selenium_webautomation_Learn.ORM_Testing.ORMAPP_Testing">
        <test-method signature="appLaunch()[pri:1, instance:selenium_webautomation_Learn.ORM_Testing.ORMAPP_Testing@5fbdfdcf]" started-at="2024-08-31T21:53:56 IST" name="appLaunch" finished-at="2024-08-31T21:54:24 IST" duration-ms="28329" status="PASS">
          <reporter-output>
          </reporter-output>
        </test-method> <!-- appLaunch -->
        <test-method signature="testLogo()[pri:2, instance:selenium_webautomation_Learn.ORM_Testing.ORMAPP_Testing@5fbdfdcf]" started-at="2024-08-31T21:54:24 IST" name="testLogo" finished-at="2024-08-31T21:54:27 IST" duration-ms="2696" status="PASS">
          <reporter-output>
          </reporter-output>
        </test-method> <!-- testLogo -->
        <test-method signature="loginApp()[pri:3, instance:selenium_webautomation_Learn.ORM_Testing.ORMAPP_Testing@5fbdfdcf]" started-at="2024-08-31T21:54:27 IST" name="loginApp" finished-at="2024-08-31T21:54:27 IST" duration-ms="576" status="PASS">
          <reporter-output>
          </reporter-output>
        </test-method> <!-- loginApp -->
        <test-method signature="logOut()[pri:4, instance:selenium_webautomation_Learn.ORM_Testing.ORMAPP_Testing@5fbdfdcf]" started-at="2024-08-31T21:54:27 IST" name="logOut" finished-at="2024-08-31T21:54:28 IST" duration-ms="1101" status="PASS">
          <reporter-output>
          </reporter-output>
        </test-method> <!-- logOut -->
      </class> <!-- selenium_webautomation_Learn.ORM_Testing.ORMAPP_Testing -->
    </test> <!-- Default test -->
  </suite> <!-- Default suite -->
</testng-results>
